<?xml version="1.0" encoding="UTF-8"?>
<!-- Generated by org.testng.reporters.JUnitReportReporter -->
<testsuite hostname="SE140281" failures="0" tests="3" name="utils.ExcelDataProvider" time="0.006" errors="0" timestamp="2021-03-11T20:14:33 ICT" skipped="0">
  <testcase classname="utils.ExcelDataProvider" name="test1" time="0.001"/>
  <system-out/>
  <testcase classname="utils.ExcelDataProvider" name="test1" time="0.001"/>
  <system-out/>
  <testcase classname="utils.ExcelDataProvider" name="test1" time="0.004"/>
  <system-out/>
</testsuite> <!-- utils.ExcelDataProvider -->
